Array
(
    [event_id] => 18
    [game_id] => 68
    [type] => 1
    [source] => db
)
Array
(
    [event_id] => 18
    [game_id] => 68
    [type] => 1
    [source] => db
)
Array
(
    [event_id] => 18
    [game_id] => 68
    [type] => 1
    [source] => session
)
Array
(
    [event_id] => 18
    [game_id] => 68
    [type] => 1
    [source] => db
)
Array
(
    [event_id] => 18
    [game_id] => 68
    [type] => 1
    [source] => db
)
Array
(
    [event_id] => 18
    [game_id] => 68
    [type] => 1
    [source] => session
)
Array
(
    [event_id] => 14
    [game_id] => 63
    [type] => 1
    [source] => session
)
Array
(
    [event_id] => 22
    [game_id] => 68
    [type] => 1
    [source] => db
)
Array
(
    [event_id] => 22
    [game_id] => 68
    [type] => 1
    [source] => session
)
Array
(
    [event_id] => 22
    [game_id] => 68
    [type] => 1
    [source] => db
)
Array
(
    [event_id] => 23
    [game_id] => 2
    [type] => 8
    [source] => session
)
Array
(
    [event_id] => 23
    [game_id] => 2
    [type] => 8
    [source] => db
)
Array
(
    [event_id] => 23
    [game_id] => 68
    [type] => 1
    [source] => db
)
Array
(
    [event_id] => 23
    [game_id] => 68
    [type] => 1
    [source] => session
)
Array
(
    [event_id] => 23
    [game_id] => 68
    [type] => 1
    [source] => db
)
Array
(
    [event_id] => 22
    [game_id] => 68
    [type] => 1
    [source] => session
)
Array
(
    [event_id] => 22
    [game_id] => 68
    [type] => 1
    [source] => db
)
Array
(
    [event_id] => 22
    [game_id] => 63
    [type] => 1
    [source] => db
)
Array
(
    [event_id] => 23
    [game_id] => 68
    [type] => 1
    [source] => db
)
Array
(
    [event_id] => 22
    [game_id] => 68
    [type] => 1
    [source] => db
)
Array
(
    [event_id] => 23
    [game_id] => 63
    [type] => 1
    [source] => db
)
Array
(
    [event_id] => 19
    [game_id] => 2
    [type] => 8
    [source] => db
)
Array
(
    [event_id] => 19
    [game_id] => 63
    [type] => 1
    [source] => db
)
Array
(
    [event_id] => 22
    [game_id] => 68
    [type] => 1
    [source] => db
)
Array
(
    [event_id] => 24
    [game_id] => 69
    [type] => 1
    [source] => db
)
Array
(
    [event_id] => 24
    [game_id] => 65
    [type] => 1
    [source] => db
)
Array
(
    [event_id] => 23
    [game_id] => 67
    [type] => 1
    [source] => db
)
Array
(
    [event_id] => 23
    [game_id] => 70
    [type] => 1
    [source] => db
)
Array
(
    [event_id] => 23
    [game_id] => 69
    [type] => 1
    [source] => db
)
Array
(
    [event_id] => 23
    [game_id] => 70
    [type] => 1
    [source] => db
)
Array
(
    [event_id] => 22
    [game_id] => 67
    [type] => 1
    [source] => db
)
Array
(
    [event_id] => 22
    [game_id] => 69
    [type] => 1
    [source] => db
)
Array
(
    [event_id] => 25
    [game_id] => 67
    [type] => 1
    [source] => db
)
Array
(
    [event_id] => 25
    [game_id] => 69
    [type] => 1
    [source] => db
)
Array
(
    [event_id] => 26
    [game_id] => 67
    [type] => 1
    [source] => db
)
Array
(
    [event_id] => 26
    [game_id] => 69
    [type] => 1
    [source] => db
)
Array
(
    [event_id] => 26
    [game_id] => 71
    [type] => 1
    [source] => db
)
Array
(
    [event_id] => 26
    [game_id] => 70
    [type] => 1
    [source] => db
)
Array
(
    [event_id] => 26
    [game_id] => 70
    [type] => 1
    [source] => db
)
Array
(
    [event_id] => 24
    [game_id] => 65
    [type] => 1
    [source] => db
)
Array
(
    [event_id] => 24
    [game_id] => 69
    [type] => 1
    [source] => db
)
Array
(
    [event_id] => 39
    [game_id] => 17
    [type] => 9
    [source] => db
)
Array
(
    [event_id] => 41
    [game_id] => 4
    [type] => 8
    [source] => db
)
Array
(
    [event_id] => 41
    [game_id] => 3
    [type] => 8
    [source] => db
)
Array
(
    [event_id] => 41
    [game_id] => 17
    [type] => 9
    [source] => db
)
Array
(
    [event_id] => 41
    [game_id] => 16
    [type] => 9
    [source] => db
)
Array
(
    [event_id] => 42
    [game_id] => 2
    [type] => 5
    [source] => session
)
Array
(
    [event_id] => 42
    [game_id] => 68
    [type] => 1
    [source] => session
)
Array
(
    [event_id] => 41
    [game_id] => 4
    [type] => 8
    [source] => db
)
Array
(
    [event_id] => 43
    [game_id] => 1
    [type] => 6
    [source] => db
)
Array
(
    [event_id] => 43
    [game_id] => 2
    [type] => 6
    [source] => db
)
Array
(
    [event_id] => 43
    [game_id] => 4
    [type] => 7
    [source] => db
)
Array
(
    [event_id] => 43
    [game_id] => 3
    [type] => 7
    [source] => db
)
Array
(
    [event_id] => 43
    [game_id] => 4
    [type] => 7
    [source] => db
)
Array
(
    [event_id] => 43
    [game_id] => 2
    [type] => 7
    [source] => db
)
Array
(
    [event_id] => 43
    [game_id] => 3
    [type] => 7
    [source] => db
)
Array
(
    [event_id] => 45
    [game_id] => 4
    [type] => 7
    [source] => db
)
Array
(
    [event_id] => 48
    [game_id] => 3
    [type] => 6
    [source] => session
)
Array
(
    [event_id] => 52
    [game_id] => 71
    [type] => 2
    [source] => db
)
Array
(
    [event_id] => 52
    [game_id] => 71
    [type] => 2
    [source] => db
)
Array
(
    [event_id] => 52
    [game_id] => 71
    [type] => 2
    [source] => db
)
Array
(
    [event_id] => 52
    [game_id] => 71
    [type] => 2
    [source] => db
)
Array
(
    [event_id] => 52
    [game_id] => 71
    [type] => 2
    [source] => db
)
Array
(
    [event_id] => 52
    [game_id] => 72
    [type] => 2
    [source] => db
)
Array
(
    [event_id] => 54
    [game_id] => 72
    [type] => 2
    [source] => db
)
Array
(
    [event_id] => 54
    [game_id] => 72
    [type] => 2
    [source] => db
)
Array
(
    [event_id] => 54
    [game_id] => 71
    [type] => 2
    [source] => db
)
Array
(
    [event_id] => 49
    [game_id] => 37
    [type] => 2
    [source] => db
)
Array
(
    [event_id] => 49
    [game_id] => 26
    [type] => 2
    [source] => db
)
Array
(
    [event_id] => 49
    [game_id] => 26
    [type] => 2
    [source] => db
)
Array
(
    [event_id] => 49
    [game_id] => 37
    [type] => 2
    [source] => db
)
Array
(
    [event_id] => 49
    [game_id] => 6
    [type] => 2
    [source] => db
)
Array
(
    [event_id] => 49
    [game_id] => 41
    [type] => 2
    [source] => db
)
Array
(
    [event_id] => 49
    [game_id] => 41
    [type] => 2
    [source] => db
)
Array
(
    [event_id] => 49
    [game_id] => 26
    [type] => 2
    [source] => db
)
Array
(
    [event_id] => 49
    [game_id] => 37
    [type] => 2
    [source] => db
)
Array
(
    [event_id] => 53
    [game_id] => 167
    [type] => 5
    [source] => session
)
Array
(
    [event_id] => 53
    [game_id] => 70
    [type] => 2
    [source] => session
)
Array
(
    [event_id] => 53
    [game_id] => 161
    [type] => 5
    [source] => db
)
Array
(
    [event_id] => 49
    [game_id] => 6
    [type] => 2
    [source] => db
)
Array
(
    [event_id] => 49
    [game_id] => 37
    [type] => 2
    [source] => db
)
Array
(
    [event_id] => 39
    [game_id] => 37
    [type] => 1
    [source] => db
)
Array
(
    [event_id] => 53
    [game_id] => 161
    [type] => 5
    [source] => db
)
Array
(
    [event_id] => 55
    [game_id] => 161
    [type] => 5
    [source] => db
)
Array
(
    [event_id] => 55
    [game_id] => 167
    [type] => 5
    [source] => db
)
Array
(
    [event_id] => 55
    [game_id] => 161
    [type] => 5
    [source] => db
)
Array
(
    [event_id] => 55
    [game_id] => 161
    [type] => 5
    [source] => db
)
Array
(
    [event_id] => 58
    [game_id] => 50
    [type] => 3
    [source] => db
)
Array
(
    [event_id] => 58
    [game_id] => 56
    [type] => 3
    [source] => db
)
Array
(
    [event_id] => 58
    [game_id] => 57
    [type] => 3
    [source] => db
)
Array
(
    [event_id] => 59
    [game_id] => 161
    [type] => 5
    [source] => db
)
Array
(
    [event_id] => 58
    [game_id] => 53
    [type] => 3
    [source] => db
)
Array
(
    [event_id] => 59
    [game_id] => 157
    [type] => 5
    [source] => db
)
Array
(
    [event_id] => 61
    [game_id] => 70
    [type] => 2
    [source] => db
)
Array
(
    [event_id] => 61
    [game_id] => 57
    [type] => 3
    [source] => db
)
Array
(
    [event_id] => 58
    [game_id] => 70
    [type] => 2
    [source] => db
)
Array
(
    [event_id] => 58
    [game_id] => 25
    [type] => 2
    [source] => session
)
Array
(
    [event_id] => 58
    [game_id] => 25
    [type] => 2
    [source] => db
)
Array
(
    [event_id] => 50
    [game_id] => 41
    [type] => 2
    [source] => db
)
Array
(
    [event_id] => 51
    [game_id] => 1
    [type] => 2
    [source] => db
)
Array
(
    [event_id] => 59
    [game_id] => 20
    [type] => 2
    [source] => db
)
Array
(
    [event_id] => 59
    [game_id] => 36
    [type] => 2
    [source] => db
)
